PhotoGalleryApp/PhotoGalleryApp/app/build/intermediates/manifest_merge_blame_file/debug/manifest-merger-blame-debug-report.txt
1<?xml version="1.0" encoding="utf-8"?>
2<manifest xmlns:android="http://schemas.android.com/apk/res/android"
3    package="com.example.photogallery"
4    android:versionCode="1"
5    android:versionName="1.0" >
6
7    <uses-sdk
8        android:minSdkVersion="21"
9        android:targetSdkVersion="34" />
10
11    <!-- ==================== PERMISSIONS ==================== -->
12
13
14    <!-- Camera permission: Required to capture photos using the device camera -->
15    <uses-permission android:name="android.permission.CAMERA" />
15-->src\main\AndroidManifest.xml:8:5-65
15-->src\main\AndroidManifest.xml:8:22-62
16
17    <!-- Write external storage: Required for Android < 10 to save photos to custom folders -->
18    <uses-permission
18-->src\main\AndroidManifest.xml:11:5-13:38
19        android:name="android.permission.WRITE_EXTERNAL_STORAGE"
19-->src\main\AndroidManifest.xml:12:9-65
20        android:maxSdkVersion="29" />
20-->src\main\AndroidManifest.xml:13:9-35
21
22    <!-- Read external storage: Required for Android <= 12 to read images from device storage -->
23    <uses-permission
23-->src\main\AndroidManifest.xml:16:5-18:38
24        android:name="android.permission.READ_EXTERNAL_STORAGE"
24-->src\main\AndroidManifest.xml:17:9-64
25        android:maxSdkVersion="32" />
25-->src\main\AndroidManifest.xml:18:9-35
26
27    <!-- Read media images: Required for Android 13+ (API 33+) to access image files -->
28    <uses-permission android:name="android.permission.READ_MEDIA_IMAGES" />
28-->src\main\AndroidManifest.xml:21:5-23:53
28-->src\main\AndroidManifest.xml:22:9-60
29
30    <!-- Declares that the app uses a camera (optional but recommended) -->
31    <uses-feature
31-->src\main\AndroidManifest.xml:26:5-28:36
32        android:name="android.hardware.camera"
32-->src\main\AndroidManifest.xml:27:9-47
33        android:required="false" />
33-->src\main\AndroidManifest.xml:28:9-33
34
35    <permission
35-->[androidx.core:core:1.12.0] AndroidManifest.xml:22:5-24:47
36        android:name="com.example.photogallery.DYNAMIC_RECEIVER_NOT_EXPORTED_PERMISSION"
36-->[androidx.core:core:1.12.0] AndroidManifest.xml:23:9-81
37        android:protectionLevel="signature" />
37-->[androidx.core:core:1.12.0] AndroidManifest.xml:24:9-44
38
39    <uses-permission android:name="com.example.photogallery.DYNAMIC_RECEIVER_NOT_EXPORTED_PERMISSION" />
39-->[androidx.core:core:1.12.0] AndroidManifest.xml:26:5-97
39-->[androidx.core:core:1.12.0] AndroidManifest.xml:26:22-94
40
41    <application
41-->src\main\AndroidManifest.xml:30:5-69:19
42        android:allowBackup="true"
42-->src\main\AndroidManifest.xml:31:9-35
43        android:appComponentFactory="androidx.core.app.CoreComponentFactory"
43-->[androidx.core:core:1.12.0] AndroidManifest.xml:28:18-86
44        android:debuggable="true"
45        android:extractNativeLibs="true"
46        android:icon="@mipmap/ic_launcher"
46-->src\main\AndroidManifest.xml:32:9-43
47        android:label="@string/app_name"
47-->src\main\AndroidManifest.xml:33:9-41
48        android:roundIcon="@mipmap/ic_launcher_round"
48-->src\main\AndroidManifest.xml:34:9-54
49        android:supportsRtl="true"
49-->src\main\AndroidManifest.xml:35:9-35
50        android:testOnly="true"
51        android:theme="@style/Theme.PhotoGallery" >
51-->src\main\AndroidManifest.xml:36:9-50
52
53        <!-- MainActivity: The entry point / launcher activity -->
54        <activity
54-->src\main\AndroidManifest.xml:39:9-46:20
55            android:name="com.example.photogallery.MainActivity"
55-->src\main\AndroidManifest.xml:40:13-41
56            android:exported="true" >
56-->src\main\AndroidManifest.xml:41:13-36
57            <intent-filter>
57-->src\main\AndroidManifest.xml:42:13-45:29
58                <action android:name="android.intent.action.MAIN" />
58-->src\main\AndroidManifest.xml:43:17-69
58-->src\main\AndroidManifest.xml:43:25-66
59
60                <category android:name="android.intent.category.LAUNCHER" />
60-->src\main\AndroidManifest.xml:44:17-77
60-->src\main\AndroidManifest.xml:44:27-74
61            </intent-filter>
62        </activity>
63
64        <!-- GalleryActivity: Displays images in a grid from a selected folder -->
65        <activity
65-->src\main\AndroidManifest.xml:49:9-51:40
66            android:name="com.example.photogallery.GalleryActivity"
66-->src\main\AndroidManifest.xml:50:13-44
67            android:exported="false" />
67-->src\main\AndroidManifest.xml:51:13-37
68
69        <!-- ImageDetailActivity: Shows details of a single image and allows deletion -->
70        <activity
70-->src\main\AndroidManifest.xml:54:9-56:40
71            android:name="com.example.photogallery.ImageDetailActivity"
71-->src\main\AndroidManifest.xml:55:13-48
72            android:exported="false" />
72-->src\main\AndroidManifest.xml:56:13-37
73
74        <!-- FileProvider: Required to share file URIs safely with the camera app on Android 7+ -->
75        <provider
76            android:name="androidx.core.content.FileProvider"
76-->src\main\AndroidManifest.xml:60:13-62
77            android:authorities="com.example.photogallery.fileprovider"
77-->src\main\AndroidManifest.xml:61:13-64
78            android:exported="false"
78-->src\main\AndroidManifest.xml:62:13-37
79            android:grantUriPermissions="true" >
79-->src\main\AndroidManifest.xml:63:13-47
80            <meta-data
80-->src\main\AndroidManifest.xml:64:13-66:54
81                android:name="android.support.FILE_PROVIDER_PATHS"
81-->src\main\AndroidManifest.xml:65:17-67
82                android:resource="@xml/file_paths" />
82-->src\main\AndroidManifest.xml:66:17-51
83        </provider>
84        <provider
84-->[androidx.emoji2:emoji2:1.2.0] AndroidManifest.xml:24:9-32:20
85            android:name="androidx.startup.InitializationProvider"
85-->[androidx.emoji2:emoji2:1.2.0] AndroidManifest.xml:25:13-67
86            android:authorities="com.example.photogallery.androidx-startup"
86-->[androidx.emoji2:emoji2:1.2.0] AndroidManifest.xml:26:13-68
87            android:exported="false" >
87-->[androidx.emoji2:emoji2:1.2.0] AndroidManifest.xml:27:13-37
88            <meta-data
88-->[androidx.emoji2:emoji2:1.2.0] AndroidManifest.xml:29:13-31:52
89                android:name="androidx.emoji2.text.EmojiCompatInitializer"
89-->[androidx.emoji2:emoji2:1.2.0] AndroidManifest.xml:30:17-75
90                android:value="androidx.startup" />
90-->[androidx.emoji2:emoji2:1.2.0] AndroidManifest.xml:31:17-49
91            <meta-data
91-->[androidx.lifecycle:lifecycle-process:2.6.1] AndroidManifest.xml:29:13-31:52
92                android:name="androidx.lifecycle.ProcessLifecycleInitializer"
92-->[androidx.lifecycle:lifecycle-process:2.6.1] AndroidManifest.xml:30:17-78
93                android:value="androidx.startup" />
93-->[androidx.lifecycle:lifecycle-process:2.6.1] AndroidManifest.xml:31:17-49
94            <meta-data
94-->[androidx.profileinstaller:profileinstaller:1.3.0] AndroidManifest.xml:29:13-31:52
95                android:name="androidx.profileinstaller.ProfileInstallerInitializer"
95-->[androidx.profileinstaller:profileinstaller:1.3.0] AndroidManifest.xml:30:17-85
96                android:value="androidx.startup" />
96-->[androidx.profileinstaller:profileinstaller:1.3.0] AndroidManifest.xml:31:17-49
97        </provider>
98
99        <receiver
99-->[androidx.profileinstaller:profileinstaller:1.3.0] AndroidManifest.xml:34:9-52:20
100            android:name="androidx.profileinstaller.ProfileInstallReceiver"
100-->[androidx.profileinstaller:profileinstaller:1.3.0] AndroidManifest.xml:35:13-76
101            android:directBootAware="false"
101-->[androidx.profileinstaller:profileinstaller:1.3.0] AndroidManifest.xml:36:13-44
102            android:enabled="true"
102-->[androidx.profileinstaller:profileinstaller:1.3.0] AndroidManifest.xml:37:13-35
103            android:exported="true"
103-->[androidx.profileinstaller:profileinstaller:1.3.0] AndroidManifest.xml:38:13-36
104            android:permission="android.permission.DUMP" >
104-->[androidx.profileinstaller:profileinstaller:1.3.0] AndroidManifest.xml:39:13-57
105            <intent-filter>
105-->[androidx.profileinstaller:profileinstaller:1.3.0] AndroidManifest.xml:40:13-42:29
106                <action android:name="androidx.profileinstaller.action.INSTALL_PROFILE" />
106-->[androidx.profileinstaller:profileinstaller:1.3.0] AndroidManifest.xml:41:17-91
106-->[androidx.profileinstaller:profileinstaller:1.3.0] AndroidManifest.xml:41:25-88
107            </intent-filter>
108            <intent-filter>
108-->[androidx.profileinstaller:profileinstaller:1.3.0] AndroidManifest.xml:43:13-45:29
109                <action android:name="androidx.profileinstaller.action.SKIP_FILE" />
109-->[androidx.profileinstaller:profileinstaller:1.3.0] AndroidManifest.xml:44:17-85
109-->[androidx.profileinstaller:profileinstaller:1.3.0] AndroidManifest.xml:44:25-82
110            </intent-filter>
111            <intent-filter>
111-->[androidx.profileinstaller:profileinstaller:1.3.0] AndroidManifest.xml:46:13-48:29
112                <action android:name="androidx.profileinstaller.action.SAVE_PROFILE" />
112-->[androidx.profileinstaller:profileinstaller:1.3.0] AndroidManifest.xml:47:17-88
112-->[androidx.profileinstaller:profileinstaller:1.3.0] AndroidManifest.xml:47:25-85
113            </intent-filter>
114            <intent-filter>
114-->[androidx.profileinstaller:profileinstaller:1.3.0] AndroidManifest.xml:49:13-51:29
115                <action android:name="androidx.profileinstaller.action.BENCHMARK_OPERATION" />
115-->[androidx.profileinstaller:profileinstaller:1.3.0] AndroidManifest.xml:50:17-95
115-->[androidx.profileinstaller:profileinstaller:1.3.0] AndroidManifest.xml:50:25-92
116            </intent-filter>
117        </receiver>
118    </application>
119
120</manifest>